# JRE version: Java(TM) SE Runtime Environment (8.0_91-b14) (build 1.8.0_91-b14)
# Java VM: Java HotSpot(TM) 64-Bit Server VM (25.91-b14 mixed mode linux-amd64 compressed oops)
Heap:
 PSYoungGen      total 150016K, used 2451K [0x0000000719100000, 0x0000000723800000, 0x00000007c0000000)
  eden space 129024K, 1% used [0x0000000719100000,0x0000000719364c30,0x0000000720f00000)
  from space 20992K, 0% used [0x0000000720f00000,0x0000000720f00000,0x0000000722380000)
  to   space 20992K, 0% used [0x0000000722380000,0x0000000722380000,0x0000000723800000)
 ParOldGen       total 343040K, used 2543K [0x00000005cb200000, 0x00000005e0100000, 0x0000000719100000)
  object space 343040K, 0% used [0x00000005cb200000,0x00000005cb47bcf8,0x00000005e0100000)
 Metaspace       used 11079K, capacity 11219K, committed 11392K, reserved 1058816K
  class space    used 1248K, capacity 1295K, committed 1408K, reserved 1048576K
GC Heap History (10 events):
Event: 20.948 GC heap before
{Heap before GC invocations=2 (full 1):
 PSYoungGen      total 150016K, used 9308K [0x0000000719100000, 0x0000000723800000, 0x00000007c0000000)
  eden space 129024K, 0% used [0x0000000719100000,0x0000000719100000,0x0000000720f00000)
  from space 20992K, 44% used [0x0000000720f00000,0x00000007218171c0,0x0000000722380000)
  to   space 20992K, 0% used [0x0000000722380000,0x0000000722380000,0x0000000723800000)
 ParOldGen       total 343040K, used 8K [0x00000005cb200000, 0x00000005e0100000, 0x0000000719100000)
  object space 343040K, 0% used [0x00000005cb200000,0x00000005cb202000,0x00000005e0100000)
 Metaspace       used 11040K, capacity 11155K, committed 11392K, reserved 1058816K
  class space    used 1248K, capacity 1295K, committed 1408K, reserved 1048576K
Event: 20.970 GC heap after
Heap after GC invocations=2 (full 1):
 PSYoungGen      total 150016K, used 0K [0x0000000719100000, 0x0000000723800000, 0x00000007c0000000)
  eden space 129024K, 0% used [0x0000000719100000,0x0000000719100000,0x0000000720f00000)
  from space 20992K, 0% used [0x0000000720f00000,0x0000000720f00000,0x0000000722380000)
  to   space 20992K, 0% used [0x0000000722380000,0x0000000722380000,0x0000000723800000)
 ParOldGen       total 343040K, used 8663K [0x00000005cb200000, 0x00000005e0100000, 0x0000000719100000)
  object space 343040K, 2% used [0x00000005cb200000,0x00000005cba75c10,0x00000005e0100000)
 Metaspace       used 11040K, capacity 11155K, committed 11392K, reserved 1058816K
  class space    used 1248K, capacity 1295K, committed 1408K, reserved 1048576K
}
Event: 39.557 GC heap before
{Heap before GC invocations=3 (full 1):
 PSYoungGen      total 150016K, used 6321K [0x0000000719100000, 0x0000000723800000, 0x00000007c0000000)
  eden space 129024K, 4% used [0x0000000719100000,0x000000071972c758,0x0000000720f00000)
  from space 20992K, 0% used [0x0000000720f00000,0x0000000720f00000,0x0000000722380000)
  to   space 20992K, 0% used [0x0000000722380000,0x0000000722380000,0x0000000723800000)
 ParOldGen       total 343040K, used 8663K [0x00000005cb200000, 0x00000005e0100000, 0x0000000719100000)
  object space 343040K, 2% used [0x00000005cb200000,0x00000005cba75c10,0x00000005e0100000)
 Metaspace       used 11071K, capacity 11219K, committed 11392K, reserved 1058816K
  class space    used 1248K, capacity 1295K, committed 1408K, reserved 1048576K
Event: 39.562 GC heap after
Heap after GC invocations=3 (full 1):
 PSYoungGen      total 150016K, used 256K [0x0000000719100000, 0x0000000723800000, 0x00000007c0000000)
  eden space 129024K, 0% used [0x0000000719100000,0x0000000719100000,0x0000000720f00000)
  from space 20992K, 1% used [0x0000000722380000,0x00000007223c0000,0x0000000723800000)
  to   space 20992K, 0% used [0x0000000720f00000,0x0000000720f00000,0x0000000722380000)
 ParOldGen       total 343040K, used 8671K [0x00000005cb200000, 0x00000005e0100000, 0x0000000719100000)
  object space 343040K, 2% used [0x00000005cb200000,0x00000005cba77c10,0x00000005e0100000)
 Metaspace       used 11071K, capacity 11219K, committed 11392K, reserved 1058816K
  class space    used 1248K, capacity 1295K, committed 1408K, reserved 1048576K
}
Event: 39.562 GC heap before
{Heap before GC invocations=4 (full 2):
 PSYoungGen      total 150016K, used 256K [0x0000000719100000, 0x0000000723800000, 0x00000007c0000000)
  eden space 129024K, 0% used [0x0000000719100000,0x0000000719100000,0x0000000720f00000)
  from space 20992K, 1% used [0x0000000722380000,0x00000007223c0000,0x0000000723800000)
  to   space 20992K, 0% used [0x0000000720f00000,0x0000000720f00000,0x0000000722380000)
 ParOldGen       total 343040K, used 8671K [0x00000005cb200000, 0x00000005e0100000, 0x0000000719100000)
  object space 343040K, 2% used [0x00000005cb200000,0x00000005cba77c10,0x00000005e0100000)
 Metaspace       used 11071K, capacity 11219K, committed 11392K, reserved 1058816K
  class space    used 1248K, capacity 1295K, committed 1408K, reserved 1048576K
Event: 39.581 GC heap after
Heap after GC invocations=4 (full 2):
 PSYoungGen      total 150016K, used 0K [0x0000000719100000, 0x0000000723800000, 0x00000007c0000000)
  eden space 129024K, 0% used [0x0000000719100000,0x0000000719100000,0x0000000720f00000)
  from space 20992K, 0% used [0x0000000722380000,0x0000000722380000,0x0000000723800000)
  to   space 20992K, 0% used [0x0000000720f00000,0x0000000720f00000,0x0000000722380000)
 ParOldGen       total 343040K, used 2454K [0x00000005cb200000, 0x00000005e0100000, 0x0000000719100000)
  object space 343040K, 0% used [0x00000005cb200000,0x00000005cb4659e8,0x00000005e0100000)
 Metaspace       used 11071K, capacity 11219K, committed 11392K, reserved 1058816K
  class space    used 1248K, capacity 1295K, committed 1408K, reserved 1048576K
}
Event: 58.283 GC heap before
{Heap before GC invocations=5 (full 2):
 PSYoungGen      total 150016K, used 3741K [0x0000000719100000, 0x0000000723800000, 0x00000007c0000000)
  eden space 129024K, 2% used [0x0000000719100000,0x00000007194a7538,0x0000000720f00000)
  from space 20992K, 0% used [0x0000000722380000,0x0000000722380000,0x0000000723800000)
  to   space 20992K, 0% used [0x0000000720f00000,0x0000000720f00000,0x0000000722380000)
 ParOldGen       total 343040K, used 2454K [0x00000005cb200000, 0x00000005e0100000, 0x0000000719100000)
  object space 343040K, 0% used [0x00000005cb200000,0x00000005cb4659e8,0x00000005e0100000)
 Metaspace       used 11078K, capacity 11219K, committed 11392K, reserved 1058816K
  class space    used 1248K, capacity 1295K, committed 1408K, reserved 1048576K
Event: 58.286 GC heap after
Heap after GC invocations=5 (full 2):
 PSYoungGen      total 150016K, used 320K [0x0000000719100000, 0x0000000723800000, 0x00000007c0000000)
  eden space 129024K, 0% used [0x0000000719100000,0x0000000719100000,0x0000000720f00000)
  from space 20992K, 1% used [0x0000000720f00000,0x0000000720f50000,0x0000000722380000)
  to   space 20992K, 0% used [0x0000000722380000,0x0000000722380000,0x0000000723800000)
 ParOldGen       total 343040K, used 2462K [0x00000005cb200000, 0x00000005e0100000, 0x0000000719100000)
  object space 343040K, 0% used [0x00000005cb200000,0x00000005cb4679e8,0x00000005e0100000)
 Metaspace       used 11078K, capacity 11219K, committed 11392K, reserved 1058816K
  class space    used 1248K, capacity 1295K, committed 1408K, reserved 1048576K
}
Event: 58.286 GC heap before
{Heap before GC invocations=6 (full 3):
 PSYoungGen      total 150016K, used 320K [0x0000000719100000, 0x0000000723800000, 0x00000007c0000000)
  eden space 129024K, 0% used [0x0000000719100000,0x0000000719100000,0x0000000720f00000)
  from space 20992K, 1% used [0x0000000720f00000,0x0000000720f50000,0x0000000722380000)
  to   space 20992K, 0% used [0x0000000722380000,0x0000000722380000,0x0000000723800000)
 ParOldGen       total 343040K, used 2462K [0x00000005cb200000, 0x00000005e0100000, 0x0000000719100000)
  object space 343040K, 0% used [0x00000005cb200000,0x00000005cb4679e8,0x00000005e0100000)
 Metaspace       used 11078K, capacity 11219K, committed 11392K, reserved 1058816K
  class space    used 1248K, capacity 1295K, committed 1408K, reserved 1048576K
Event: 58.303 GC heap after
Heap after GC invocations=6 (full 3):
 PSYoungGen      total 150016K, used 0K [0x0000000719100000, 0x0000000723800000, 0x00000007c0000000)
  eden space 129024K, 0% used [0x0000000719100000,0x0000000719100000,0x0000000720f00000)
  from space 20992K, 0% used [0x0000000720f00000,0x0000000720f00000,0x0000000722380000)
  to   space 20992K, 0% used [0x0000000722380000,0x0000000722380000,0x0000000723800000)
 ParOldGen       total 343040K, used 2543K [0x00000005cb200000, 0x00000005e0100000, 0x0000000719100000)
  object space 343040K, 0% used [0x00000005cb200000,0x00000005cb47bcf8,0x00000005e0100000)
 Metaspace       used 11078K, capacity 11219K, committed 11392K, reserved 1058816K
  class space    used 1248K, capacity 1295K, committed 1408K, reserved 1048576K
}

