# JRE version: Java(TM) SE Runtime Environment (8.0_91-b14) (build 1.8.0_91-b14)
# Java VM: Java HotSpot(TM) 64-Bit Server VM (25.91-b14 mixed mode linux-amd64 compressed oops)
Heap:
 PSYoungGen      total 2272256K, used 1089997K [0x0000000719100000, 0x00000007bea80000, 0x00000007c0000000)
  eden space 2271744K, 47% used [0x0000000719100000,0x000000075b912758,0x00000007a3b80000)
  from space 512K, 75% used [0x00000007bea00000,0x00000007bea61010,0x00000007bea80000)
  to   space 9728K, 0% used [0x00000007bd780000,0x00000007bd780000,0x00000007be100000)
 ParOldGen       total 540160K, used 385780K [0x00000005cb200000, 0x00000005ec180000, 0x0000000719100000)
  object space 540160K, 71% used [0x00000005cb200000,0x00000005e2abd0e0,0x00000005ec180000)
 Metaspace       used 11373K, capacity 11551K, committed 11904K, reserved 1060864K
  class space    used 1238K, capacity 1295K, committed 1408K, reserved 1048576K
GC Heap History (10 events):
Event: 15.553 GC heap before
{Heap before GC invocations=14 (full 0):
 PSYoungGen      total 2513920K, used 2513908K [0x0000000719100000, 0x00000007baf00000, 0x00000007c0000000)
  eden space 2513408K, 100% used [0x0000000719100000,0x00000007b2780000,0x00000007b2780000)
  from space 512K, 97% used [0x00000007ba200000,0x00000007ba27d020,0x00000007ba280000)
  to   space 12288K, 0% used [0x00000007ba300000,0x00000007ba300000,0x00000007baf00000)
 ParOldGen       total 343040K, used 187652K [0x00000005cb200000, 0x00000005e0100000, 0x0000000719100000)
  object space 343040K, 54% used [0x00000005cb200000,0x00000005d69410b0,0x00000005e0100000)
 Metaspace       used 11315K, capacity 11423K, committed 11648K, reserved 1058816K
  class space    used 1234K, capacity 1295K, committed 1408K, reserved 1048576K
Event: 15.607 GC heap after
Heap after GC invocations=14 (full 0):
 PSYoungGen      total 2640384K, used 356K [0x0000000719100000, 0x00000007c0000000, 0x00000007c0000000)
  eden space 2628096K, 0% used [0x0000000719100000,0x0000000719100000,0x00000007b9780000)
  from space 12288K, 2% used [0x00000007ba300000,0x00000007ba359010,0x00000007baf00000)
  to   space 11776K, 0% used [0x00000007b9780000,0x00000007b9780000,0x00000007ba300000)
 ParOldGen       total 540160K, used 384596K [0x00000005cb200000, 0x00000005ec180000, 0x0000000719100000)
  object space 540160K, 71% used [0x00000005cb200000,0x00000005e29950d0,0x00000005ec180000)
 Metaspace       used 11315K, capacity 11423K, committed 11648K, reserved 1058816K
  class space    used 1234K, capacity 1295K, committed 1408K, reserved 1048576K
}
Event: 17.542 GC heap before
{Heap before GC invocations=15 (full 0):
 PSYoungGen      total 2640384K, used 2628452K [0x0000000719100000, 0x00000007c0000000, 0x00000007c0000000)
  eden space 2628096K, 100% used [0x0000000719100000,0x00000007b9780000,0x00000007b9780000)
  from space 12288K, 2% used [0x00000007ba300000,0x00000007ba359010,0x00000007baf00000)
  to   space 11776K, 0% used [0x00000007b9780000,0x00000007b9780000,0x00000007ba300000)
 ParOldGen       total 540160K, used 384596K [0x00000005cb200000, 0x00000005ec180000, 0x0000000719100000)
  object space 540160K, 71% used [0x00000005cb200000,0x00000005e29950d0,0x00000005ec180000)
 Metaspace       used 11315K, capacity 11423K, committed 11648K, reserved 1058816K
  class space    used 1234K, capacity 1295K, committed 1408K, reserved 1048576K
Event: 17.545 GC heap after
Heap after GC invocations=15 (full 0):
 PSYoungGen      total 2639872K, used 424K [0x0000000719100000, 0x00000007bfe80000, 0x00000007c0000000)
  eden space 2628096K, 0% used [0x0000000719100000,0x0000000719100000,0x00000007b9780000)
  from space 11776K, 3% used [0x00000007b9780000,0x00000007b97ea010,0x00000007ba300000)
  to   space 11264K, 0% used [0x00000007bf380000,0x00000007bf380000,0x00000007bfe80000)
 ParOldGen       total 540160K, used 384868K [0x00000005cb200000, 0x00000005ec180000, 0x0000000719100000)
  object space 540160K, 71% used [0x00000005cb200000,0x00000005e29d90d0,0x00000005ec180000)
 Metaspace       used 11315K, capacity 11423K, committed 11648K, reserved 1058816K
  class space    used 1234K, capacity 1295K, committed 1408K, reserved 1048576K
}
Event: 19.491 GC heap before
{Heap before GC invocations=16 (full 0):
 PSYoungGen      total 2639872K, used 2628520K [0x0000000719100000, 0x00000007bfe80000, 0x00000007c0000000)
  eden space 2628096K, 100% used [0x0000000719100000,0x00000007b9780000,0x00000007b9780000)
  from space 11776K, 3% used [0x00000007b9780000,0x00000007b97ea010,0x00000007ba300000)
  to   space 11264K, 0% used [0x00000007bf380000,0x00000007bf380000,0x00000007bfe80000)
 ParOldGen       total 540160K, used 384868K [0x00000005cb200000, 0x00000005ec180000, 0x0000000719100000)
  object space 540160K, 71% used [0x00000005cb200000,0x00000005e29d90d0,0x00000005ec180000)
 Metaspace       used 11315K, capacity 11423K, committed 11648K, reserved 1058816K
  class space    used 1234K, capacity 1295K, committed 1408K, reserved 1048576K
Event: 19.495 GC heap after
Heap after GC invocations=16 (full 0):
 PSYoungGen      total 2503680K, used 416K [0x0000000719100000, 0x00000007bf400000, 0x00000007c0000000)
  eden space 2503168K, 0% used [0x0000000719100000,0x0000000719100000,0x00000007b1d80000)
  from space 512K, 81% used [0x00000007bf380000,0x00000007bf3e8010,0x00000007bf400000)
  to   space 10752K, 0% used [0x00000007bdf00000,0x00000007bdf00000,0x00000007be980000)
 ParOldGen       total 540160K, used 385148K [0x00000005cb200000, 0x00000005ec180000, 0x0000000719100000)
  object space 540160K, 71% used [0x00000005cb200000,0x00000005e2a1f0d0,0x00000005ec180000)
 Metaspace       used 11315K, capacity 11423K, committed 11648K, reserved 1058816K
  class space    used 1234K, capacity 1295K, committed 1408K, reserved 1048576K
}
Event: 21.361 GC heap before
{Heap before GC invocations=17 (full 0):
 PSYoungGen      total 2503680K, used 2503584K [0x0000000719100000, 0x00000007bf400000, 0x00000007c0000000)
  eden space 2503168K, 100% used [0x0000000719100000,0x00000007b1d80000,0x00000007b1d80000)
  from space 512K, 81% used [0x00000007bf380000,0x00000007bf3e8010,0x00000007bf400000)
  to   space 10752K, 0% used [0x00000007bdf00000,0x00000007bdf00000,0x00000007be980000)
 ParOldGen       total 540160K, used 385148K [0x00000005cb200000, 0x00000005ec180000, 0x0000000719100000)
  object space 540160K, 71% used [0x00000005cb200000,0x00000005e2a1f0d0,0x00000005ec180000)
 Metaspace       used 11315K, capacity 11423K, committed 11648K, reserved 1058816K
  class space    used 1234K, capacity 1295K, committed 1408K, reserved 1048576K
Event: 21.364 GC heap after
Heap after GC invocations=17 (full 0):
 PSYoungGen      total 2395136K, used 352K [0x0000000719100000, 0x00000007bf400000, 0x00000007c0000000)
  eden space 2384384K, 0% used [0x0000000719100000,0x0000000719100000,0x00000007aa980000)
  from space 10752K, 3% used [0x00000007bdf00000,0x00000007bdf58000,0x00000007be980000)
  to   space 10240K, 0% used [0x00000007bea00000,0x00000007bea00000,0x00000007bf400000)
 ParOldGen       total 540160K, used 385492K [0x00000005cb200000, 0x00000005ec180000, 0x0000000719100000)
  object space 540160K, 71% used [0x00000005cb200000,0x00000005e2a750e0,0x00000005ec180000)
 Metaspace       used 11315K, capacity 11423K, committed 11648K, reserved 1058816K
  class space    used 1234K, capacity 1295K, committed 1408K, reserved 1048576K
}
Event: 23.110 GC heap before
{Heap before GC invocations=18 (full 0):
 PSYoungGen      total 2395136K, used 2384736K [0x0000000719100000, 0x00000007bf400000, 0x00000007c0000000)
  eden space 2384384K, 100% used [0x0000000719100000,0x00000007aa980000,0x00000007aa980000)
  from space 10752K, 3% used [0x00000007bdf00000,0x00000007bdf58000,0x00000007be980000)
  to   space 10240K, 0% used [0x00000007bea00000,0x00000007bea00000,0x00000007bf400000)
 ParOldGen       total 540160K, used 385492K [0x00000005cb200000, 0x00000005ec180000, 0x0000000719100000)
  object space 540160K, 71% used [0x00000005cb200000,0x00000005e2a750e0,0x00000005ec180000)
 Metaspace       used 11315K, capacity 11423K, committed 11648K, reserved 1058816K
  class space    used 1234K, capacity 1295K, committed 1408K, reserved 1048576K
Event: 23.112 GC heap after
Heap after GC invocations=18 (full 0):
 PSYoungGen      total 2272256K, used 388K [0x0000000719100000, 0x00000007bea80000, 0x00000007c0000000)
  eden space 2271744K, 0% used [0x0000000719100000,0x0000000719100000,0x00000007a3b80000)
  from space 512K, 75% used [0x00000007bea00000,0x00000007bea61010,0x00000007bea80000)
  to   space 9728K, 0% used [0x00000007bd780000,0x00000007bd780000,0x00000007be100000)
 ParOldGen       total 540160K, used 385780K [0x00000005cb200000, 0x00000005ec180000, 0x0000000719100000)
  object space 540160K, 71% used [0x00000005cb200000,0x00000005e2abd0e0,0x00000005ec180000)
 Metaspace       used 11315K, capacity 11423K, committed 11648K, reserved 1058816K
  class space    used 1234K, capacity 1295K, committed 1408K, reserved 1048576K
}

